This is pdfTeX, Version 3.14159265-2.6-1.40.19 (MiKTeX 2.9.6880 64-bit) (preloaded format=pdflatex 2018.12.24)  26 DEC 2018 02:47
entering extended mode
**./Workbook_IntroductionToPython.tex
(Workbook_IntroductionToPython.tex
LaTeX2e <2018-12-01>
("C:\Users\fds\AppData\Local\Programs\MiKTeX 2.9\tex\latex\base\report.cls"
Document Class: report 2018/09/03 v1.4i Standard LaTeX document class
("C:\Users\fds\AppData\Local\Programs\MiKTeX 2.9\tex\latex\base\size12.clo"
File: size12.clo 2018/09/03 v1.4i Standard LaTeX file (size option)
)
\c@part=\count80
\c@chapter=\count81
\c@section=\count82
\c@subsection=\count83
\c@subsubsection=\count84
\c@paragraph=\count85
\c@subparagraph=\count86
\c@figure=\count87
\c@table=\count88
\abovecaptionskip=\skip41
\belowcaptionskip=\skip42
\bibindent=\dimen102
)
(StyleFile.sty
Package: StyleFile 

("C:\Users\fds\AppData\Local\Programs\MiKTeX 2.9\tex\latex\amsmath\amsmath.sty"
Package: amsmath 2018/12/01 v2.17b AMS math features
\@mathmargin=\skip43
For additional information on amsmath, use the `?' option.
("C:\Users\fds\AppData\Local\Programs\MiKTeX 2.9\tex\latex\amsmath\amstext.sty"
Package: amstext 2000/06/29 v2.01 AMS text
("C:\Users\fds\AppData\Local\Programs\MiKTeX 2.9\tex\latex\amsmath\amsgen.sty"
File: amsgen.sty 1999/11/30 v2.0 generic functions
\@emptytoks=\toks14
\ex@=\dimen103
)) ("C:\Users\fds\AppData\Local\Programs\MiKTeX 2.9\tex\latex\amsmath\amsbsy.st
y"
Package: amsbsy 1999/11/29 v1.2d Bold Symbols
\pmbraise@=\dimen104
) ("C:\Users\fds\AppData\Local\Programs\MiKTeX 2.9\tex\latex\amsmath\amsopn.sty
"
Package: amsopn 2016/03/08 v2.02 operator names
)
\inf@bad=\count89
LaTeX Info: Redefining \frac on input line 223.
\uproot@=\count90
\leftroot@=\count91
LaTeX Info: Redefining \overline on input line 385.
\classnum@=\count92
\DOTSCASE@=\count93
LaTeX Info: Redefining \ldots on input line 482.
LaTeX Info: Redefining \dots on input line 485.
LaTeX Info: Redefining \cdots on input line 606.
\Mathstrutbox@=\box27
\strutbox@=\box28
\big@size=\dimen105
LaTeX Font Info:    Redeclaring font encoding OML on input line 729.
LaTeX Font Info:    Redeclaring font encoding OMS on input line 730.
\macc@depth=\count94
\c@MaxMatrixCols=\count95
\dotsspace@=\muskip10
\c@parentequation=\count96
\dspbrk@lvl=\count97
\tag@help=\toks15
\row@=\count98
\column@=\count99
\maxfields@=\count100
\andhelp@=\toks16
\eqnshift@=\dimen106
\alignsep@=\dimen107
\tagshift@=\dimen108
\tagwidth@=\dimen109
\totwidth@=\dimen110
\lineht@=\dimen111
\@envbody=\toks17
\multlinegap=\skip44
\multlinetaggap=\skip45
\mathdisplay@stack=\toks18
LaTeX Info: Redefining \[ on input line 2844.
LaTeX Info: Redefining \] on input line 2845.
)
("C:\Users\fds\AppData\Local\Programs\MiKTeX 2.9\tex\latex\amsfonts\amssymb.sty
"
Package: amssymb 2013/01/14 v3.01 AMS font symbols

("C:\Users\fds\AppData\Local\Programs\MiKTeX 2.9\tex\latex\amsfonts\amsfonts.st
y"
Package: amsfonts 2013/01/14 v3.01 Basic AMSFonts support
\symAMSa=\mathgroup4
\symAMSb=\mathgroup5
LaTeX Font Info:    Overwriting math alphabet `\mathfrak' in version `bold'
(Font)                  U/euf/m/n --> U/euf/b/n on input line 106.
))
("C:\Users\fds\AppData\Local\Programs\MiKTeX 2.9\tex\latex\anyfontsize\anyfonts
ize.sty"
Package: anyfontsize 2007/11/22 anyfontsize.sty by pts
)
("C:\Users\fds\AppData\Local\Programs\MiKTeX 2.9\tex\generic\babel\babel.sty"
Package: babel 2018/11/13 3.27 The Babel package

("C:\Users\fds\AppData\Local\Programs\MiKTeX 2.9\tex\generic\babel\switch.def"
File: switch.def 2018/11/13 3.27 Babel switching mechanism
)
*************************************
* Local config file bblopts.cfg used
*
("C:\Users\fds\AppData\Local\Programs\MiKTeX 2.9\tex\latex\arabi\bblopts.cfg"
File: bblopts.cfg 2005/09/08 v0.1 add Arabic and Farsi to "declared" options of
 babel
)
("C:\Users\fds\AppData\Local\Programs\MiKTeX 2.9\tex\latex\babel-english\englis
h.ldf"
Language: english 2017/06/06 v3.3r English support from the babel system

("C:\Users\fds\AppData\Local\Programs\MiKTeX 2.9\tex\generic\babel\babel.def"
File: babel.def 2018/11/13 3.27 Babel common definitions
\babel@savecnt=\count101
\U@D=\dimen112

("C:\Users\fds\AppData\Local\Programs\MiKTeX 2.9\tex\generic\babel\txtbabel.def
")
\bbl@dirlevel=\count102
)
\l@canadian = a dialect from \language\l@american 
\l@australian = a dialect from \language\l@british 
\l@newzealand = a dialect from \language\l@british 
))
("C:\Users\fds\AppData\Local\Programs\MiKTeX 2.9\tex\latex\graphics\color.sty"
Package: color 2016/07/10 v1.1e Standard LaTeX Color (DPC)

("C:\Users\fds\AppData\Local\Programs\MiKTeX 2.9\tex\latex\graphics-cfg\color.c
fg"
File: color.cfg 2016/01/02 v1.6 sample color configuration
)
Package color Info: Driver file: pdftex.def on input line 147.

("C:\Users\fds\AppData\Local\Programs\MiKTeX 2.9\tex\latex\graphics-def\pdftex.
def"
File: pdftex.def 2018/01/08 v1.0l Graphics/color driver for pdftex
))
("C:\Users\fds\AppData\Local\Programs\MiKTeX 2.9\tex\latex\enumitem\enumitem.st
y"
Package: enumitem 2018/11/30 v3.6 Customized lists
\enitkv@toks@=\toks19
\labelindent=\skip46
\enit@outerparindent=\dimen113
\enit@toks=\toks20
\enit@inbox=\box29
\enitdp@description=\count103
)
("C:\Users\fds\AppData\Local\Programs\MiKTeX 2.9\tex\latex\etoolbox\etoolbox.st
y"
Package: etoolbox 2018/08/19 v2.5f e-TeX tools for LaTeX (JAW)
\etb@tempcnta=\count104
)
("C:\Users\fds\AppData\Local\Programs\MiKTeX 2.9\tex\latex\fancyhdr\fancyhdr.st
y"
Package: fancyhdr 2017/06/30 v3.9a Extensive control of page headers and footer
s
\f@nch@headwidth=\skip47
\f@nch@O@elh=\skip48
\f@nch@O@erh=\skip49
\f@nch@O@olh=\skip50
\f@nch@O@orh=\skip51
\f@nch@O@elf=\skip52
\f@nch@O@erf=\skip53
\f@nch@O@olf=\skip54
\f@nch@O@orf=\skip55
) ("C:\Users\fds\AppData\Local\Programs\MiKTeX 2.9\tex\latex\float\float.sty"
Package: float 2001/11/08 v1.3d Float enhancements (AL)
\c@float@type=\count105
\float@exts=\toks21
\float@box=\box30
\@float@everytoks=\toks22
\@floatcapt=\box31
)
("C:\Users\fds\AppData\Local\Programs\MiKTeX 2.9\tex\latex\geometry\geometry.st
y"
Package: geometry 2018/04/16 v5.8 Page Geometry

("C:\Users\fds\AppData\Local\Programs\MiKTeX 2.9\tex\latex\graphics\keyval.sty"
Package: keyval 2014/10/28 v1.15 key=value parser (DPC)
\KV@toks@=\toks23
)
("C:\Users\fds\AppData\Local\Programs\MiKTeX 2.9\tex\generic\oberdiek\ifpdf.sty
"
Package: ifpdf 2018/09/07 v3.3 Provides the ifpdf switch
)
("C:\Users\fds\AppData\Local\Programs\MiKTeX 2.9\tex\generic\oberdiek\ifvtex.st
y"
Package: ifvtex 2016/05/16 v1.6 Detect VTeX and its facilities (HO)
Package ifvtex Info: VTeX not detected.
)
("C:\Users\fds\AppData\Local\Programs\MiKTeX 2.9\tex\generic\ifxetex\ifxetex.st
y"
Package: ifxetex 2010/09/12 v0.6 Provides ifxetex conditional
)
\Gm@cnth=\count106
\Gm@cntv=\count107
\c@Gm@tempcnt=\count108
\Gm@bindingoffset=\dimen114
\Gm@wd@mp=\dimen115
\Gm@odd@mp=\dimen116
\Gm@even@mp=\dimen117
\Gm@layoutwidth=\dimen118
\Gm@layoutheight=\dimen119
\Gm@layouthoffset=\dimen120
\Gm@layoutvoffset=\dimen121
\Gm@dimlist=\toks24

("C:\Users\fds\AppData\Local\Programs\MiKTeX 2.9\tex\latex\geometry\geometry.cf
g"))
("C:\Users\fds\AppData\Local\Programs\MiKTeX 2.9\tex\latex\graphics\graphicx.st
y"
Package: graphicx 2017/06/01 v1.1a Enhanced LaTeX Graphics (DPC,SPQR)

("C:\Users\fds\AppData\Local\Programs\MiKTeX 2.9\tex\latex\graphics\graphics.st
y"
Package: graphics 2017/06/25 v1.2c Standard LaTeX Graphics (DPC,SPQR)
 ("C:\Users\fds\AppData\Local\Programs\MiKTeX 2.9\tex\latex\graphics\trig.sty"
Package: trig 2016/01/03 v1.10 sin cos tan (DPC)
)
("C:\Users\fds\AppData\Local\Programs\MiKTeX 2.9\tex\latex\graphics-cfg\graphic
s.cfg"
File: graphics.cfg 2016/06/04 v1.11 sample graphics configuration
)
Package graphics Info: Driver file: pdftex.def on input line 99.
)
\Gin@req@height=\dimen122
\Gin@req@width=\dimen123
)
("C:\Users\fds\AppData\Local\Programs\MiKTeX 2.9\tex\latex\imakeidx\imakeidx.st
y"
Package: imakeidx 2016/10/15 v1.3e Package for typesetting indices in a synchro
nous mode

("C:\Users\fds\AppData\Local\Programs\MiKTeX 2.9\tex\latex\xkeyval\xkeyval.sty"
Package: xkeyval 2014/12/03 v2.7a package option processing (HA)

("C:\Users\fds\AppData\Local\Programs\MiKTeX 2.9\tex\generic\xkeyval\xkeyval.te
x"
("C:\Users\fds\AppData\Local\Programs\MiKTeX 2.9\tex\generic\xkeyval\xkvutils.t
ex"
\XKV@toks=\toks25
\XKV@tempa@toks=\toks26
)
\XKV@depth=\count109
File: xkeyval.tex 2014/12/03 v2.7a key=value parser (HA)
))
("C:\Users\fds\AppData\Local\Programs\MiKTeX 2.9\tex\generic\oberdiek\ifluatex.
sty"
Package: ifluatex 2016/05/16 v1.4 Provides the ifluatex switch (HO)
Package ifluatex Info: LuaTeX not detected.
)
("C:\Users\fds\AppData\Local\Programs\MiKTeX 2.9\tex\latex\tools\multicol.sty"
Package: multicol 2018/11/09 v1.8u multicolumn formatting (FMi)
\c@tracingmulticols=\count110
\mult@box=\box32
\multicol@leftmargin=\dimen124
\c@unbalance=\count111
\c@collectmore=\count112
\doublecol@number=\count113
\multicoltolerance=\count114
\multicolpretolerance=\count115
\full@width=\dimen125
\page@free=\dimen126
\premulticols=\dimen127
\postmulticols=\dimen128
\multicolsep=\skip56
\multicolbaselineskip=\skip57
\partial@page=\box33
\last@line=\box34
\maxbalancingoverflow=\dimen129
\mult@rightbox=\box35
\mult@grightbox=\box36
\mult@gfirstbox=\box37
\mult@firstbox=\box38
\@tempa=\box39
\@tempa=\box40
\@tempa=\box41
\@tempa=\box42
\@tempa=\box43
\@tempa=\box44
\@tempa=\box45
\@tempa=\box46
\@tempa=\box47
\@tempa=\box48
\@tempa=\box49
\@tempa=\box50
\@tempa=\box51
\@tempa=\box52
\@tempa=\box53
\@tempa=\box54
\@tempa=\box55
\c@columnbadness=\count116
\c@finalcolumnbadness=\count117
\last@try=\dimen130
\multicolovershoot=\dimen131
\multicolundershoot=\dimen132
\mult@nat@firstbox=\box56
\colbreak@box=\box57
\mc@col@check@num=\count118
))
("C:\Users\fds\AppData\Local\Programs\MiKTeX 2.9\tex\latex\hyperref\hyperref.st
y"
Package: hyperref 2018/11/30 v6.88e Hypertext links for LaTeX

("C:\Users\fds\AppData\Local\Programs\MiKTeX 2.9\tex\generic\oberdiek\hobsub-hy
perref.sty"
Package: hobsub-hyperref 2016/05/16 v1.14 Bundle oberdiek, subset hyperref (HO)


("C:\Users\fds\AppData\Local\Programs\MiKTeX 2.9\tex\generic\oberdiek\hobsub-ge
neric.sty"
Package: hobsub-generic 2016/05/16 v1.14 Bundle oberdiek, subset generic (HO)
Package: hobsub 2016/05/16 v1.14 Construct package bundles (HO)
Package: infwarerr 2016/05/16 v1.4 Providing info/warning/error messages (HO)
Package: ltxcmds 2016/05/16 v1.23 LaTeX kernel commands for general use (HO)
Package hobsub Info: Skipping package `ifluatex' (already loaded).
Package hobsub Info: Skipping package `ifvtex' (already loaded).
Package: intcalc 2016/05/16 v1.2 Expandable calculations with integers (HO)
Package hobsub Info: Skipping package `ifpdf' (already loaded).
Package: etexcmds 2016/05/16 v1.6 Avoid name clashes with e-TeX commands (HO)
Package: kvsetkeys 2016/05/16 v1.17 Key value parser (HO)
Package: kvdefinekeys 2016/05/16 v1.4 Define keys (HO)
Package: pdftexcmds 2018/09/10 v0.29 Utility functions of pdfTeX for LuaTeX (HO
)
Package pdftexcmds Info: LuaTeX not detected.
Package pdftexcmds Info: \pdf@primitive is available.
Package pdftexcmds Info: \pdf@ifprimitive is available.
Package pdftexcmds Info: \pdfdraftmode found.
Package: pdfescape 2016/05/16 v1.14 Implements pdfTeX's escape features (HO)
Package: bigintcalc 2016/05/16 v1.4 Expandable calculations on big integers (HO
)
Package: bitset 2016/05/16 v1.2 Handle bit-vector datatype (HO)
Package: uniquecounter 2016/05/16 v1.3 Provide unlimited unique counter (HO)
)
Package hobsub Info: Skipping package `hobsub' (already loaded).
Package: letltxmacro 2016/05/16 v1.5 Let assignment for LaTeX macros (HO)
Package: hopatch 2016/05/16 v1.3 Wrapper for package hooks (HO)
Package: xcolor-patch 2016/05/16 xcolor patch
Package: atveryend 2016/05/16 v1.9 Hooks at the very end of document (HO)
Package: atbegshi 2016/06/09 v1.18 At begin shipout hook (HO)
Package: refcount 2016/05/16 v3.5 Data extraction from label references (HO)
Package: hycolor 2016/05/16 v1.8 Color options for hyperref/bookmark (HO)
)
("C:\Users\fds\AppData\Local\Programs\MiKTeX 2.9\tex\latex\oberdiek\auxhook.sty
"
Package: auxhook 2016/05/16 v1.4 Hooks for auxiliary files (HO)
)
("C:\Users\fds\AppData\Local\Programs\MiKTeX 2.9\tex\latex\oberdiek\kvoptions.s
ty"
Package: kvoptions 2016/05/16 v3.12 Key value format for package options (HO)
)
\@linkdim=\dimen133
\Hy@linkcounter=\count119
\Hy@pagecounter=\count120

("C:\Users\fds\AppData\Local\Programs\MiKTeX 2.9\tex\latex\hyperref\pd1enc.def"
File: pd1enc.def 2018/11/30 v6.88e Hyperref: PDFDocEncoding definition (HO)
Now handling font encoding PD1 ...
... no UTF-8 mapping file for font encoding PD1
)
\Hy@SavedSpaceFactor=\count121

("C:\Users\fds\AppData\Local\Programs\MiKTeX 2.9\tex\latex\00miktex\hyperref.cf
g"
File: hyperref.cfg 2002/06/06 v1.2 hyperref configuration of TeXLive
)
Package hyperref Info: Hyper figures OFF on input line 4519.
Package hyperref Info: Link nesting OFF on input line 4524.
Package hyperref Info: Hyper index ON on input line 4527.
Package hyperref Info: Plain pages OFF on input line 4534.
Package hyperref Info: Backreferencing OFF on input line 4539.
Package hyperref Info: Implicit mode ON; LaTeX internals redefined.
Package hyperref Info: Bookmarks ON on input line 4772.
\c@Hy@tempcnt=\count122
 ("C:\Users\fds\AppData\Local\Programs\MiKTeX 2.9\tex\latex\url\url.sty"
\Urlmuskip=\muskip11
Package: url 2013/09/16  ver 3.4  Verb mode for urls, etc.
)
LaTeX Info: Redefining \url on input line 5125.
\XeTeXLinkMargin=\dimen134
\Fld@menulength=\count123
\Field@Width=\dimen135
\Fld@charsize=\dimen136
Package hyperref Info: Hyper figures OFF on input line 6380.
Package hyperref Info: Link nesting OFF on input line 6385.
Package hyperref Info: Hyper index ON on input line 6388.
Package hyperref Info: backreferencing OFF on input line 6395.
Package hyperref Info: Link coloring OFF on input line 6400.
Package hyperref Info: Link coloring with OCG OFF on input line 6405.
Package hyperref Info: PDF/A mode OFF on input line 6410.
LaTeX Info: Redefining \ref on input line 6450.
LaTeX Info: Redefining \pageref on input line 6454.
\Hy@abspage=\count124
\c@Item=\count125
\c@Hfootnote=\count126
)
Package hyperref Info: Driver (autodetected): hpdftex.

("C:\Users\fds\AppData\Local\Programs\MiKTeX 2.9\tex\latex\hyperref\hpdftex.def
"
File: hpdftex.def 2018/11/30 v6.88e Hyperref driver for pdfTeX
\Fld@listcount=\count127
\c@bookmark@seq@number=\count128

("C:\Users\fds\AppData\Local\Programs\MiKTeX 2.9\tex\latex\oberdiek\rerunfilech
eck.sty"
Package: rerunfilecheck 2016/05/16 v1.8 Rerun checks for auxiliary files (HO)
Package uniquecounter Info: New unique counter `rerunfilecheck' on input line 2
82.
)
\Hy@SectionHShift=\skip58
)
("C:\Users\fds\AppData\Local\Programs\MiKTeX 2.9\tex\latex\import\import.sty"
Package: import 2009/03/23  v 5.1
)
("C:\Users\fds\AppData\Local\Programs\MiKTeX 2.9\tex\latex\listings\listings.st
y"
\lst@mode=\count129
\lst@gtempboxa=\box58
\lst@token=\toks27
\lst@length=\count130
\lst@currlwidth=\dimen137
\lst@column=\count131
\lst@pos=\count132
\lst@lostspace=\dimen138
\lst@width=\dimen139
\lst@newlines=\count133
\lst@lineno=\count134
\lst@maxwidth=\dimen140

("C:\Users\fds\AppData\Local\Programs\MiKTeX 2.9\tex\latex\listings\lstmisc.sty
"
File: lstmisc.sty 2018/09/02 1.7 (Carsten Heinz)
\c@lstnumber=\count135
\lst@skipnumbers=\count136
\lst@framebox=\box59
)
("C:\Users\fds\AppData\Local\Programs\MiKTeX 2.9\tex\latex\listings\listings.cf
g"
File: listings.cfg 2018/09/02 1.7 listings configuration
))
Package: listings 2018/09/02 1.7 (Carsten Heinz)

("C:\Users\fds\AppData\Local\Programs\MiKTeX 2.9\tex\latex\mathtools\mathtools.
sty"
Package: mathtools 2018/01/08 v1.21 mathematical typesetting tools
 ("C:\Users\fds\AppData\Local\Programs\MiKTeX 2.9\tex\latex\tools\calc.sty"
Package: calc 2017/05/25 v4.3 Infix arithmetic (KKT,FJ)
\calc@Acount=\count137
\calc@Bcount=\count138
\calc@Adimen=\dimen141
\calc@Bdimen=\dimen142
\calc@Askip=\skip59
\calc@Bskip=\skip60
LaTeX Info: Redefining \setlength on input line 80.
LaTeX Info: Redefining \addtolength on input line 81.
\calc@Ccount=\count139
\calc@Cskip=\skip61
)
("C:\Users\fds\AppData\Local\Programs\MiKTeX 2.9\tex\latex\mathtools\mhsetup.st
y"
Package: mhsetup 2017/03/31 v1.3 programming setup (MH)
)
LaTeX Info: Thecontrolsequence`\('isalreadyrobust on input line 129.
LaTeX Info: Thecontrolsequence`\)'isalreadyrobust on input line 129.
LaTeX Info: Thecontrolsequence`\['isalreadyrobust on input line 129.
LaTeX Info: Thecontrolsequence`\]'isalreadyrobust on input line 129.
\g_MT_multlinerow_int=\count140
\l_MT_multwidth_dim=\dimen143
\origjot=\skip62
\l_MT_shortvdotswithinadjustabove_dim=\dimen144
\l_MT_shortvdotswithinadjustbelow_dim=\dimen145
\l_MT_above_intertext_sep=\dimen146
\l_MT_below_intertext_sep=\dimen147
\l_MT_above_shortintertext_sep=\dimen148
\l_MT_below_shortintertext_sep=\dimen149
)
("C:\Users\fds\AppData\Local\Programs\MiKTeX 2.9\tex\latex\microtype\microtype.
sty"
Package: microtype 2018/01/14 v2.7a Micro-typographical refinements (RS)
\MT@toks=\toks28
\MT@count=\count141
LaTeX Info: Redefining \textls on input line 793.
\MT@outer@kern=\dimen150
LaTeX Info: Redefining \textmicrotypecontext on input line 1339.
\MT@listname@count=\count142

("C:\Users\fds\AppData\Local\Programs\MiKTeX 2.9\tex\latex\microtype\microtype-
pdftex.def"
File: microtype-pdftex.def 2018/01/14 v2.7a Definitions specific to pdftex (RS)

LaTeX Info: Redefining \lsstyle on input line 913.
LaTeX Info: Redefining \lslig on input line 913.
\MT@outer@space=\skip63
)
Package microtype Info: Loading configuration file microtype.cfg.

("C:\Users\fds\AppData\Local\Programs\MiKTeX 2.9\tex\latex\microtype\microtype.
cfg"
File: microtype.cfg 2018/01/14 v2.7a microtype main configuration file (RS)
))
("C:\Users\fds\AppData\Local\Programs\MiKTeX 2.9\tex\latex\textpos\textpos.sty"
Package: textpos 2016/06/07 v1.8
Package: textpos 2016/06/07 1.8, absolute positioning of text on the page
("C:\Users\fds\AppData\Local\Programs\MiKTeX 2.9\tex\latex\ms\everyshi.sty"
Package: everyshi 2001/05/15 v3.00 EveryShipout Package (MS)
)
\TP@textbox=\box60
\TP@holdbox=\box61
\TPHorizModule=\dimen151
\TPVertModule=\dimen152
\TP@margin=\dimen153
\TP@absmargin=\dimen154

Grid set 16 x 16 = 37.34424pt x 52.81541pt
\TPboxrulesize=\dimen155
\TP@ox=\dimen156
\TP@oy=\dimen157
\TP@tbargs=\toks29
\TP@prevdepth=\dimen158
TextBlockOrigin set to 0pt x 0pt
)
("C:\Users\fds\AppData\Local\Programs\MiKTeX 2.9\tex\latex\tex-gyre\tgbonum.sty
"
Package: tgbonum 2009/09/27 v1.2 TeX Gyre Bonum as default roman family
)
("C:\Users\fds\AppData\Local\Programs\MiKTeX 2.9\tex\latex\titlesec\titlesec.st
y"
Package: titlesec 2016/03/21 v2.10.2 Sectioning titles
\ttl@box=\box62
\beforetitleunit=\skip64
\aftertitleunit=\skip65
\ttl@plus=\dimen159
\ttl@minus=\dimen160
\ttl@toksa=\toks30
\titlewidth=\dimen161
\titlewidthlast=\dimen162
\titlewidthfirst=\dimen163
)
("C:\Users\fds\AppData\Local\Programs\MiKTeX 2.9\tex\latex\titlesec\titletoc.st
y"
Package: titletoc 2011/12/15 v1.6 TOC entries
\ttl@leftsep=\dimen164
)
("C:\Users\fds\AppData\Local\Programs\MiKTeX 2.9\tex\latex\pgf\frontendlayer\ti
kz.sty"
("C:\Users\fds\AppData\Local\Programs\MiKTeX 2.9\tex\latex\pgf\basiclayer\pgf.s
ty"
("C:\Users\fds\AppData\Local\Programs\MiKTeX 2.9\tex\latex\pgf\utilities\pgfrcs
.sty"
("C:\Users\fds\AppData\Local\Programs\MiKTeX 2.9\tex\generic\pgf\utilities\pgfu
til-common.tex"
\pgfutil@everybye=\toks31
\pgfutil@tempdima=\dimen165
\pgfutil@tempdimb=\dimen166

("C:\Users\fds\AppData\Local\Programs\MiKTeX 2.9\tex\generic\pgf\utilities\pgfu
til-common-lists.tex"))
("C:\Users\fds\AppData\Local\Programs\MiKTeX 2.9\tex\generic\pgf\utilities\pgfu
til-latex.def"
\pgfutil@abb=\box63
)
("C:\Users\fds\AppData\Local\Programs\MiKTeX 2.9\tex\generic\pgf\utilities\pgfr
cs.code.tex"
Package: pgfrcs 2015/08/07 v3.0.1a (rcs-revision 1.31)
))
Package: pgf 2015/08/07 v3.0.1a (rcs-revision 1.15)

("C:\Users\fds\AppData\Local\Programs\MiKTeX 2.9\tex\latex\pgf\basiclayer\pgfco
re.sty"
("C:\Users\fds\AppData\Local\Programs\MiKTeX 2.9\tex\latex\pgf\systemlayer\pgfs
ys.sty"
("C:\Users\fds\AppData\Local\Programs\MiKTeX 2.9\tex\generic\pgf\systemlayer\pg
fsys.code.tex"
Package: pgfsys 2014/07/09 v3.0.1a (rcs-revision 1.48)

("C:\Users\fds\AppData\Local\Programs\MiKTeX 2.9\tex\generic\pgf\utilities\pgfk
eys.code.tex"
\pgfkeys@pathtoks=\toks32
\pgfkeys@temptoks=\toks33

("C:\Users\fds\AppData\Local\Programs\MiKTeX 2.9\tex\generic\pgf\utilities\pgfk
eysfiltered.code.tex"
\pgfkeys@tmptoks=\toks34
))
\pgf@x=\dimen167
\pgf@y=\dimen168
\pgf@xa=\dimen169
\pgf@ya=\dimen170
\pgf@xb=\dimen171
\pgf@yb=\dimen172
\pgf@xc=\dimen173
\pgf@yc=\dimen174
\w@pgf@writea=\write3
\r@pgf@reada=\read1
\c@pgf@counta=\count143
\c@pgf@countb=\count144
\c@pgf@countc=\count145
\c@pgf@countd=\count146
\t@pgf@toka=\toks35
\t@pgf@tokb=\toks36
\t@pgf@tokc=\toks37

("C:\Users\fds\AppData\Local\Programs\MiKTeX 2.9\tex\generic\pgf\systemlayer\pg
f.cfg"
File: pgf.cfg 2008/05/14  (rcs-revision 1.7)
)
Driver file for pgf: pgfsys-pdftex.def

("C:\Users\fds\AppData\Local\Programs\MiKTeX 2.9\tex\generic\pgf\systemlayer\pg
fsys-pdftex.def"
File: pgfsys-pdftex.def 2014/10/11  (rcs-revision 1.35)

("C:\Users\fds\AppData\Local\Programs\MiKTeX 2.9\tex\generic\pgf\systemlayer\pg
fsys-common-pdf.def"
File: pgfsys-common-pdf.def 2013/10/10  (rcs-revision 1.13)
)))
("C:\Users\fds\AppData\Local\Programs\MiKTeX 2.9\tex\generic\pgf\systemlayer\pg
fsyssoftpath.code.tex"
File: pgfsyssoftpath.code.tex 2013/09/09  (rcs-revision 1.9)
\pgfsyssoftpath@smallbuffer@items=\count147
\pgfsyssoftpath@bigbuffer@items=\count148
)
("C:\Users\fds\AppData\Local\Programs\MiKTeX 2.9\tex\generic\pgf\systemlayer\pg
fsysprotocol.code.tex"
File: pgfsysprotocol.code.tex 2006/10/16  (rcs-revision 1.4)
))
("C:\Users\fds\AppData\Local\Programs\MiKTeX 2.9\tex\latex\xcolor\xcolor.sty"
Package: xcolor 2016/05/11 v2.12 LaTeX color extensions (UK)

("C:\Users\fds\AppData\Local\Programs\MiKTeX 2.9\tex\latex\graphics-cfg\color.c
fg"
File: color.cfg 2016/01/02 v1.6 sample color configuration
)
Package xcolor Info: Driver file: pdftex.def on input line 225.
LaTeX Info: Redefining \color on input line 709.
Package xcolor Info: Model `cmy' substituted by `cmy0' on input line 1348.
Package xcolor Info: Model `hsb' substituted by `rgb' on input line 1352.
Package xcolor Info: Model `RGB' extended on input line 1364.
Package xcolor Info: Model `HTML' substituted by `rgb' on input line 1366.
Package xcolor Info: Model `Hsb' substituted by `hsb' on input line 1367.
Package xcolor Info: Model `tHsb' substituted by `hsb' on input line 1368.
Package xcolor Info: Model `HSB' substituted by `hsb' on input line 1369.
Package xcolor Info: Model `Gray' substituted by `gray' on input line 1370.
Package xcolor Info: Model `wave' substituted by `hsb' on input line 1371.
)
("C:\Users\fds\AppData\Local\Programs\MiKTeX 2.9\tex\generic\pgf\basiclayer\pgf
core.code.tex"
Package: pgfcore 2010/04/11 v3.0.1a (rcs-revision 1.7)

("C:\Users\fds\AppData\Local\Programs\MiKTeX 2.9\tex\generic\pgf\math\pgfmath.c
ode.tex"
("C:\Users\fds\AppData\Local\Programs\MiKTeX 2.9\tex\generic\pgf\math\pgfmathca
lc.code.tex"
("C:\Users\fds\AppData\Local\Programs\MiKTeX 2.9\tex\generic\pgf\math\pgfmathut
il.code.tex")
("C:\Users\fds\AppData\Local\Programs\MiKTeX 2.9\tex\generic\pgf\math\pgfmathpa
rser.code.tex"
\pgfmath@dimen=\dimen175
\pgfmath@count=\count149
\pgfmath@box=\box64
\pgfmath@toks=\toks38
\pgfmath@stack@operand=\toks39
\pgfmath@stack@operation=\toks40
)
("C:\Users\fds\AppData\Local\Programs\MiKTeX 2.9\tex\generic\pgf\math\pgfmathfu
nctions.code.tex"
("C:\Users\fds\AppData\Local\Programs\MiKTeX 2.9\tex\generic\pgf\math\pgfmathfu
nctions.basic.code.tex")
("C:\Users\fds\AppData\Local\Programs\MiKTeX 2.9\tex\generic\pgf\math\pgfmathfu
nctions.trigonometric.code.tex")
("C:\Users\fds\AppData\Local\Programs\MiKTeX 2.9\tex\generic\pgf\math\pgfmathfu
nctions.random.code.tex")
("C:\Users\fds\AppData\Local\Programs\MiKTeX 2.9\tex\generic\pgf\math\pgfmathfu
nctions.comparison.code.tex")
("C:\Users\fds\AppData\Local\Programs\MiKTeX 2.9\tex\generic\pgf\math\pgfmathfu
nctions.base.code.tex")
("C:\Users\fds\AppData\Local\Programs\MiKTeX 2.9\tex\generic\pgf\math\pgfmathfu
nctions.round.code.tex")
("C:\Users\fds\AppData\Local\Programs\MiKTeX 2.9\tex\generic\pgf\math\pgfmathfu
nctions.misc.code.tex")
("C:\Users\fds\AppData\Local\Programs\MiKTeX 2.9\tex\generic\pgf\math\pgfmathfu
nctions.integerarithmetics.code.tex")))
("C:\Users\fds\AppData\Local\Programs\MiKTeX 2.9\tex\generic\pgf\math\pgfmathfl
oat.code.tex"
\c@pgfmathroundto@lastzeros=\count150
))
("C:\Users\fds\AppData\Local\Programs\MiKTeX 2.9\tex\generic\pgf\basiclayer\pgf
corepoints.code.tex"
File: pgfcorepoints.code.tex 2013/10/07  (rcs-revision 1.27)
\pgf@picminx=\dimen176
\pgf@picmaxx=\dimen177
\pgf@picminy=\dimen178
\pgf@picmaxy=\dimen179
\pgf@pathminx=\dimen180
\pgf@pathmaxx=\dimen181
\pgf@pathminy=\dimen182
\pgf@pathmaxy=\dimen183
\pgf@xx=\dimen184
\pgf@xy=\dimen185
\pgf@yx=\dimen186
\pgf@yy=\dimen187
\pgf@zx=\dimen188
\pgf@zy=\dimen189
LaTeX Font Info:    Try loading font information for OT1+qbk on input line 926.


("C:\Users\fds\AppData\Local\Programs\MiKTeX 2.9\tex\latex\tex-gyre\ot1qbk.fd"
File: ot1qbk.fd 2009/09/25 v1.2 font definition file for OT1/qbk
))
("C:\Users\fds\AppData\Local\Programs\MiKTeX 2.9\tex\generic\pgf\basiclayer\pgf
corepathconstruct.code.tex"
File: pgfcorepathconstruct.code.tex 2013/10/07  (rcs-revision 1.29)
\pgf@path@lastx=\dimen190
\pgf@path@lasty=\dimen191
)
("C:\Users\fds\AppData\Local\Programs\MiKTeX 2.9\tex\generic\pgf\basiclayer\pgf
corepathusage.code.tex"
File: pgfcorepathusage.code.tex 2014/11/02  (rcs-revision 1.24)
\pgf@shorten@end@additional=\dimen192
\pgf@shorten@start@additional=\dimen193
)
("C:\Users\fds\AppData\Local\Programs\MiKTeX 2.9\tex\generic\pgf\basiclayer\pgf
corescopes.code.tex"
File: pgfcorescopes.code.tex 2015/05/08  (rcs-revision 1.46)
\pgfpic=\box65
\pgf@hbox=\box66
\pgf@layerbox@main=\box67
\pgf@picture@serial@count=\count151
)
("C:\Users\fds\AppData\Local\Programs\MiKTeX 2.9\tex\generic\pgf\basiclayer\pgf
coregraphicstate.code.tex"
File: pgfcoregraphicstate.code.tex 2014/11/02  (rcs-revision 1.12)
\pgflinewidth=\dimen194
)
("C:\Users\fds\AppData\Local\Programs\MiKTeX 2.9\tex\generic\pgf\basiclayer\pgf
coretransformations.code.tex"
File: pgfcoretransformations.code.tex 2015/08/07  (rcs-revision 1.20)
\pgf@pt@x=\dimen195
\pgf@pt@y=\dimen196
\pgf@pt@temp=\dimen197
)
("C:\Users\fds\AppData\Local\Programs\MiKTeX 2.9\tex\generic\pgf\basiclayer\pgf
corequick.code.tex"
File: pgfcorequick.code.tex 2008/10/09  (rcs-revision 1.3)
)
("C:\Users\fds\AppData\Local\Programs\MiKTeX 2.9\tex\generic\pgf\basiclayer\pgf
coreobjects.code.tex"
File: pgfcoreobjects.code.tex 2006/10/11  (rcs-revision 1.2)
)
("C:\Users\fds\AppData\Local\Programs\MiKTeX 2.9\tex\generic\pgf\basiclayer\pgf
corepathprocessing.code.tex"
File: pgfcorepathprocessing.code.tex 2013/09/09  (rcs-revision 1.9)
)
("C:\Users\fds\AppData\Local\Programs\MiKTeX 2.9\tex\generic\pgf\basiclayer\pgf
corearrows.code.tex"
File: pgfcorearrows.code.tex 2015/05/14  (rcs-revision 1.43)
\pgfarrowsep=\dimen198
)
("C:\Users\fds\AppData\Local\Programs\MiKTeX 2.9\tex\generic\pgf\basiclayer\pgf
coreshade.code.tex"
File: pgfcoreshade.code.tex 2013/07/15  (rcs-revision 1.15)
\pgf@max=\dimen199
\pgf@sys@shading@range@num=\count152
)
("C:\Users\fds\AppData\Local\Programs\MiKTeX 2.9\tex\generic\pgf\basiclayer\pgf
coreimage.code.tex"
File: pgfcoreimage.code.tex 2013/07/15  (rcs-revision 1.18)

("C:\Users\fds\AppData\Local\Programs\MiKTeX 2.9\tex\generic\pgf\basiclayer\pgf
coreexternal.code.tex"
File: pgfcoreexternal.code.tex 2014/07/09  (rcs-revision 1.21)
\pgfexternal@startupbox=\box68
))
("C:\Users\fds\AppData\Local\Programs\MiKTeX 2.9\tex\generic\pgf\basiclayer\pgf
corelayers.code.tex"
File: pgfcorelayers.code.tex 2013/07/18  (rcs-revision 1.7)
)
("C:\Users\fds\AppData\Local\Programs\MiKTeX 2.9\tex\generic\pgf\basiclayer\pgf
coretransparency.code.tex"
File: pgfcoretransparency.code.tex 2013/09/30  (rcs-revision 1.5)
)
("C:\Users\fds\AppData\Local\Programs\MiKTeX 2.9\tex\generic\pgf\basiclayer\pgf
corepatterns.code.tex"
File: pgfcorepatterns.code.tex 2013/11/07  (rcs-revision 1.5)
)))
("C:\Users\fds\AppData\Local\Programs\MiKTeX 2.9\tex\generic\pgf\modules\pgfmod
uleshapes.code.tex"
File: pgfmoduleshapes.code.tex 2014/03/21  (rcs-revision 1.35)
\pgfnodeparttextbox=\box69
)
("C:\Users\fds\AppData\Local\Programs\MiKTeX 2.9\tex\generic\pgf\modules\pgfmod
uleplot.code.tex"
File: pgfmoduleplot.code.tex 2015/08/03  (rcs-revision 1.13)
)
("C:\Users\fds\AppData\Local\Programs\MiKTeX 2.9\tex\latex\pgf\compatibility\pg
fcomp-version-0-65.sty"
Package: pgfcomp-version-0-65 2007/07/03 v3.0.1a (rcs-revision 1.7)
\pgf@nodesepstart=\dimen256
\pgf@nodesepend=\dimen257
)
("C:\Users\fds\AppData\Local\Programs\MiKTeX 2.9\tex\latex\pgf\compatibility\pg
fcomp-version-1-18.sty"
Package: pgfcomp-version-1-18 2007/07/23 v3.0.1a (rcs-revision 1.1)
))
("C:\Users\fds\AppData\Local\Programs\MiKTeX 2.9\tex\latex\pgf\utilities\pgffor
.sty"
("C:\Users\fds\AppData\Local\Programs\MiKTeX 2.9\tex\latex\pgf\utilities\pgfkey
s.sty"
("C:\Users\fds\AppData\Local\Programs\MiKTeX 2.9\tex\generic\pgf\utilities\pgfk
eys.code.tex"))
("C:\Users\fds\AppData\Local\Programs\MiKTeX 2.9\tex\latex\pgf\math\pgfmath.sty
"
("C:\Users\fds\AppData\Local\Programs\MiKTeX 2.9\tex\generic\pgf\math\pgfmath.c
ode.tex"))
("C:\Users\fds\AppData\Local\Programs\MiKTeX 2.9\tex\generic\pgf\utilities\pgff
or.code.tex"
Package: pgffor 2013/12/13 v3.0.1a (rcs-revision 1.25)

("C:\Users\fds\AppData\Local\Programs\MiKTeX 2.9\tex\generic\pgf\math\pgfmath.c
ode.tex")
\pgffor@iter=\dimen258
\pgffor@skip=\dimen259
\pgffor@stack=\toks41
\pgffor@toks=\toks42
))
("C:\Users\fds\AppData\Local\Programs\MiKTeX 2.9\tex\generic\pgf\frontendlayer\
tikz\tikz.code.tex"
Package: tikz 2015/08/07 v3.0.1a (rcs-revision 1.151)

("C:\Users\fds\AppData\Local\Programs\MiKTeX 2.9\tex\generic\pgf\libraries\pgfl
ibraryplothandlers.code.tex"
File: pgflibraryplothandlers.code.tex 2013/08/31 v3.0.1a (rcs-revision 1.20)
\pgf@plot@mark@count=\count153
\pgfplotmarksize=\dimen260
)
\tikz@lastx=\dimen261
\tikz@lasty=\dimen262
\tikz@lastxsaved=\dimen263
\tikz@lastysaved=\dimen264
\tikzleveldistance=\dimen265
\tikzsiblingdistance=\dimen266
\tikz@figbox=\box70
\tikz@figbox@bg=\box71
\tikz@tempbox=\box72
\tikz@tempbox@bg=\box73
\tikztreelevel=\count154
\tikznumberofchildren=\count155
\tikznumberofcurrentchild=\count156
\tikz@fig@count=\count157

("C:\Users\fds\AppData\Local\Programs\MiKTeX 2.9\tex\generic\pgf\modules\pgfmod
ulematrix.code.tex"
File: pgfmodulematrix.code.tex 2013/09/17  (rcs-revision 1.8)
\pgfmatrixcurrentrow=\count158
\pgfmatrixcurrentcolumn=\count159
\pgf@matrix@numberofcolumns=\count160
)
\tikz@expandcount=\count161

("C:\Users\fds\AppData\Local\Programs\MiKTeX 2.9\tex\generic\pgf\frontendlayer\
tikz\libraries\tikzlibrarytopaths.code.tex"
File: tikzlibrarytopaths.code.tex 2008/06/17 v3.0.1a (rcs-revision 1.2)
)))
("C:\Users\fds\AppData\Local\Programs\MiKTeX 2.9\tex\latex\lipsum\lipsum.sty"
("C:\Users\fds\AppData\Local\Programs\MiKTeX 2.9\tex\latex\l3kernel\expl3.sty"
Package: expl3 2018-12-12 L3 programming layer (loader) 

("C:\Users\fds\AppData\Local\Programs\MiKTeX 2.9\tex\latex\l3kernel\expl3-code.
tex"
Package: expl3 2018-12-12 L3 programming layer (code)
\c_max_int=\count162
\l_tmpa_int=\count163
\l_tmpb_int=\count164
\g_tmpa_int=\count165
\g_tmpb_int=\count166
\g__kernel_prg_map_int=\count167
\c_log_iow=\count168
\l_iow_line_count_int=\count169
\l__iow_line_target_int=\count170
\l__iow_one_indent_int=\count171
\l__iow_indent_int=\count172
\c_zero_dim=\dimen267
\c_max_dim=\dimen268
\l_tmpa_dim=\dimen269
\l_tmpb_dim=\dimen270
\g_tmpa_dim=\dimen271
\g_tmpb_dim=\dimen272
\c_zero_skip=\skip66
\c_max_skip=\skip67
\l_tmpa_skip=\skip68
\l_tmpb_skip=\skip69
\g_tmpa_skip=\skip70
\g_tmpb_skip=\skip71
\c_zero_muskip=\muskip12
\c_max_muskip=\muskip13
\l_tmpa_muskip=\muskip14
\l_tmpb_muskip=\muskip15
\g_tmpa_muskip=\muskip16
\g_tmpb_muskip=\muskip17
\l_keys_choice_int=\count173
\l__intarray_loop_int=\count174
\c__intarray_sp_dim=\dimen273
\g__intarray_font_int=\count175
\c__fp_leading_shift_int=\count176
\c__fp_middle_shift_int=\count177
\c__fp_trailing_shift_int=\count178
\c__fp_big_leading_shift_int=\count179
\c__fp_big_middle_shift_int=\count180
\c__fp_big_trailing_shift_int=\count181
\c__fp_Bigg_leading_shift_int=\count182
\c__fp_Bigg_middle_shift_int=\count183
\c__fp_Bigg_trailing_shift_int=\count184
\c__kernel_randint_max_int=\count185
\g__fp_array_int=\count186
\l__fp_array_loop_int=\count187
\l__sort_length_int=\count188
\l__sort_min_int=\count189
\l__sort_top_int=\count190
\l__sort_max_int=\count191
\l__sort_true_max_int=\count192
\l__sort_block_int=\count193
\l__sort_begin_int=\count194
\l__sort_end_int=\count195
\l__sort_A_int=\count196
\l__sort_B_int=\count197
\l__sort_C_int=\count198
\l__tl_analysis_normal_int=\count199
\l__tl_analysis_index_int=\count266
\l__tl_analysis_nesting_int=\count267
\l__tl_analysis_type_int=\count268
\l__regex_internal_a_int=\count269
\l__regex_internal_b_int=\count270
\l__regex_internal_c_int=\count271
\l__regex_balance_int=\count272
\l__regex_group_level_int=\count273
\l__regex_mode_int=\count274
\c__regex_cs_in_class_mode_int=\count275
\c__regex_cs_mode_int=\count276
\l__regex_catcodes_int=\count277
\l__regex_default_catcodes_int=\count278
\c__regex_catcode_D_int=\count279
\c__regex_catcode_S_int=\count280
\c__regex_catcode_L_int=\count281
\c__regex_catcode_O_int=\count282
\c__regex_catcode_A_int=\count283
\c__regex_all_catcodes_int=\count284
\l__regex_show_lines_int=\count285
\l__regex_min_state_int=\count286
\l__regex_max_state_int=\count287
\l__regex_left_state_int=\count288
\l__regex_right_state_int=\count289
\l__regex_capturing_group_int=\count290
\l__regex_min_pos_int=\count291
\l__regex_max_pos_int=\count292
\l__regex_curr_pos_int=\count293
\l__regex_start_pos_int=\count294
\l__regex_success_pos_int=\count295
\l__regex_curr_char_int=\count296
\l__regex_curr_catcode_int=\count297
\l__regex_last_char_int=\count298
\l__regex_case_changed_char_int=\count299
\l__regex_curr_state_int=\count300
\l__regex_step_int=\count301
\l__regex_min_active_int=\count302
\l__regex_max_active_int=\count303
\l__regex_replacement_csnames_int=\count304
\l__regex_match_count_int=\count305
\l__regex_min_submatch_int=\count306
\l__regex_submatch_int=\count307
\l__regex_zeroth_submatch_int=\count308
\g__regex_trace_regex_int=\count309
\c_empty_box=\box74
\l_tmpa_box=\box75
\l_tmpb_box=\box76
\g_tmpa_box=\box77
\g_tmpb_box=\box78
\l__box_top_dim=\dimen274
\l__box_bottom_dim=\dimen275
\l__box_left_dim=\dimen276
\l__box_right_dim=\dimen277
\l__box_top_new_dim=\dimen278
\l__box_bottom_new_dim=\dimen279
\l__box_left_new_dim=\dimen280
\l__box_right_new_dim=\dimen281
\l__box_internal_box=\box79
\l__coffin_internal_box=\box80
\l__coffin_internal_dim=\dimen282
\l__coffin_offset_x_dim=\dimen283
\l__coffin_offset_y_dim=\dimen284
\l__coffin_x_dim=\dimen285
\l__coffin_y_dim=\dimen286
\l__coffin_x_prime_dim=\dimen287
\l__coffin_y_prime_dim=\dimen288
\c_empty_coffin=\box81
\l__coffin_aligned_coffin=\box82
\l__coffin_aligned_internal_coffin=\box83
\l_tmpa_coffin=\box84
\l_tmpb_coffin=\box85
\l__coffin_display_coffin=\box86
\l__coffin_display_coord_coffin=\box87
\l__coffin_display_pole_coffin=\box88
\l__coffin_display_offset_dim=\dimen289
\l__coffin_display_x_dim=\dimen290
\l__coffin_display_y_dim=\dimen291
\g__file_internal_ior=\read2
\l__coffin_bounding_shift_dim=\dimen292
\l__coffin_left_corner_dim=\dimen293
\l__coffin_right_corner_dim=\dimen294
\l__coffin_bottom_corner_dim=\dimen295
\l__coffin_top_corner_dim=\dimen296
\l__coffin_scaled_total_height_dim=\dimen297
\l__coffin_scaled_width_dim=\dimen298
\l__seq_internal_a_int=\count310
\l__seq_internal_b_int=\count311
)
("C:\Users\fds\AppData\Local\Programs\MiKTeX 2.9\tex\latex\l3kernel\l3pdfmode.d
ef"
File: l3pdfmode.def 2018-12-12 v L3 Experimental driver: PDF mode
\l__driver_color_stack_int=\count312
))
("C:\Users\fds\AppData\Local\Programs\MiKTeX 2.9\tex\latex\l3packages\xparse\xp
arse.sty"
Package: xparse 2018-10-17 L3 Experimental document command parser
\l__xparse_current_arg_int=\count313
\g__xparse_grabber_int=\count314
\l__xparse_m_args_int=\count315
\l__xparse_mandatory_args_int=\count316
\l__xparse_v_nesting_int=\count317
)
Package: lipsum 2018/11/24 v2.1a 150 paragraphs of Lorem Ipsum dummy text
)
("C:\Users\fds\AppData\Local\Programs\MiKTeX 2.9\tex\latex\lm\lmodern.sty"
Package: lmodern 2009/10/30 v1.6 Latin Modern Fonts
LaTeX Font Info:    Overwriting symbol font `operators' in version `normal'
(Font)                  OT1/cmr/m/n --> OT1/lmr/m/n on input line 22.
LaTeX Font Info:    Overwriting symbol font `letters' in version `normal'
(Font)                  OML/cmm/m/it --> OML/lmm/m/it on input line 23.
LaTeX Font Info:    Overwriting symbol font `symbols' in version `normal'
(Font)                  OMS/cmsy/m/n --> OMS/lmsy/m/n on input line 24.
LaTeX Font Info:    Overwriting symbol font `largesymbols' in version `normal'
(Font)                  OMX/cmex/m/n --> OMX/lmex/m/n on input line 25.
LaTeX Font Info:    Overwriting symbol font `operators' in version `bold'
(Font)                  OT1/cmr/bx/n --> OT1/lmr/bx/n on input line 26.
LaTeX Font Info:    Overwriting symbol font `letters' in version `bold'
(Font)                  OML/cmm/b/it --> OML/lmm/b/it on input line 27.
LaTeX Font Info:    Overwriting symbol font `symbols' in version `bold'
(Font)                  OMS/cmsy/b/n --> OMS/lmsy/b/n on input line 28.
LaTeX Font Info:    Overwriting symbol font `largesymbols' in version `bold'
(Font)                  OMX/cmex/m/n --> OMX/lmex/m/n on input line 29.
LaTeX Font Info:    Overwriting math alphabet `\mathbf' in version `normal'
(Font)                  OT1/cmr/bx/n --> OT1/lmr/bx/n on input line 31.
LaTeX Font Info:    Overwriting math alphabet `\mathsf' in version `normal'
(Font)                  OT1/cmss/m/n --> OT1/lmss/m/n on input line 32.
LaTeX Font Info:    Overwriting math alphabet `\mathit' in version `normal'
(Font)                  OT1/cmr/m/it --> OT1/lmr/m/it on input line 33.
LaTeX Font Info:    Overwriting math alphabet `\mathtt' in version `normal'
(Font)                  OT1/cmtt/m/n --> OT1/lmtt/m/n on input line 34.
LaTeX Font Info:    Overwriting math alphabet `\mathbf' in version `bold'
(Font)                  OT1/cmr/bx/n --> OT1/lmr/bx/n on input line 35.
LaTeX Font Info:    Overwriting math alphabet `\mathsf' in version `bold'
(Font)                  OT1/cmss/bx/n --> OT1/lmss/bx/n on input line 36.
LaTeX Font Info:    Overwriting math alphabet `\mathit' in version `bold'
(Font)                  OT1/cmr/bx/it --> OT1/lmr/bx/it on input line 37.
LaTeX Font Info:    Overwriting math alphabet `\mathtt' in version `bold'
(Font)                  OT1/cmtt/m/n --> OT1/lmtt/m/n on input line 38.
)
\Workbook_IntroductionToPython@idxfile=\write4
\openout4 = `Workbook_IntroductionToPython.idx'.


Writing index file Workbook_IntroductionToPython.idx
) (Workbook_IntroductionToPython.aux)
\openout1 = `Workbook_IntroductionToPython.aux'.

LaTeX Font Info:    Checking defaults for OML/cmm/m/it on input line 45.
LaTeX Font Info:    ... okay on input line 45.
LaTeX Font Info:    Checking defaults for T1/cmr/m/n on input line 45.
LaTeX Font Info:    ... okay on input line 45.
LaTeX Font Info:    Checking defaults for OT1/cmr/m/n on input line 45.
LaTeX Font Info:    ... okay on input line 45.
LaTeX Font Info:    Checking defaults for OMS/cmsy/m/n on input line 45.
LaTeX Font Info:    ... okay on input line 45.
LaTeX Font Info:    Checking defaults for OMX/cmex/m/n on input line 45.
LaTeX Font Info:    ... okay on input line 45.
LaTeX Font Info:    Checking defaults for U/cmr/m/n on input line 45.
LaTeX Font Info:    ... okay on input line 45.
LaTeX Font Info:    Checking defaults for PD1/pdf/m/n on input line 45.
LaTeX Font Info:    ... okay on input line 45.
LaTeX Font Info:    Try loading font information for OT1+lmss on input line 45.


("C:\Users\fds\AppData\Local\Programs\MiKTeX 2.9\tex\latex\lm\ot1lmss.fd"
File: ot1lmss.fd 2009/10/30 v1.6 Font defs for Latin Modern
)
("C:\Users\fds\AppData\Local\Programs\MiKTeX 2.9\tex\context\base\supp-pdf.mkii
"
[Loading MPS to PDF converter (version 2006.09.02).]
\scratchcounter=\count318
\scratchdimen=\dimen299
\scratchbox=\box89
\nofMPsegments=\count319
\nofMParguments=\count320
\everyMPshowfont=\toks43
\MPscratchCnt=\count321
\MPscratchDim=\dimen300
\MPnumerator=\count322
\makeMPintoPDFobject=\count323
\everyMPtoPDFconversion=\toks44
)
("C:\Users\fds\AppData\Local\Programs\MiKTeX 2.9\tex\latex\oberdiek\epstopdf-ba
se.sty"
Package: epstopdf-base 2016/05/15 v2.6 Base part for package epstopdf

("C:\Users\fds\AppData\Local\Programs\MiKTeX 2.9\tex\latex\oberdiek\grfext.sty"
Package: grfext 2016/05/16 v1.2 Manage graphics extensions (HO)
)
Package epstopdf-base Info: Redefining graphics rule for `.eps' on input line 4
38.
Package grfext Info: Graphics extension search list:
(grfext)             [.pdf,.png,.jpg,.mps,.jpeg,.jbig2,.jb2,.PDF,.PNG,.JPG,.JPE
G,.JBIG2,.JB2,.eps]
(grfext)             \AppendGraphicsExtensions on input line 456.
)
*geometry* driver: auto-detecting
*geometry* detected driver: pdftex
*geometry* verbose mode - [ preamble ] result:
* driver: pdftex
* paper: a4paper
* layout: <same size as paper>
* layoutoffset:(h,v)=(0.0pt,0.0pt)
* modes: twoside 
* h-part:(L,W,R)=(71.13188pt, 455.24411pt, 71.13188pt)
* v-part:(T,H,B)=(71.13188pt, 702.78308pt, 71.13188pt)
* \paperwidth=597.50787pt
* \paperheight=845.04684pt
* \textwidth=455.24411pt
* \textheight=702.78308pt
* \oddsidemargin=-1.1381pt
* \evensidemargin=-1.1381pt
* \topmargin=-38.1381pt
* \headheight=23.0pt
* \headsep=25.0pt
* \topskip=12.0pt
* \footskip=30.0pt
* \marginparwidth=85.0pt
* \marginparsep=10.0pt
* \columnsep=10.0pt
* \skip\footins=10.8pt plus 4.0pt minus 2.0pt
* \hoffset=0.0pt
* \voffset=0.0pt
* \mag=1000
* \@twocolumnfalse
* \@twosidetrue
* \@mparswitchtrue
* \@reversemarginfalse
* (1in=72.27pt=25.4mm, 1cm=28.453pt)

\AtBeginShipoutBox=\box90
Package hyperref Info: Link coloring OFF on input line 45.
("C:\Users\fds\AppData\Local\Programs\MiKTeX 2.9\tex\latex\hyperref\nameref.sty
"
Package: nameref 2016/05/21 v2.44 Cross-referencing by name of section

("C:\Users\fds\AppData\Local\Programs\MiKTeX 2.9\tex\generic\oberdiek\gettitles
tring.sty"
Package: gettitlestring 2016/05/16 v1.5 Cleanup title references (HO)
)
\c@section@level=\count324
)
LaTeX Info: Redefining \ref on input line 45.
LaTeX Info: Redefining \pageref on input line 45.
LaTeX Info: Redefining \nameref on input line 45.
 (Workbook_IntroductionToPython.out)
(Workbook_IntroductionToPython.out)
\@outlinefile=\write5
\openout5 = `Workbook_IntroductionToPython.out'.

\c@lstlisting=\count325
LaTeX Info: Redefining \microtypecontext on input line 45.
Package microtype Info: Generating PDF output.
Package microtype Info: Character protrusion enabled (level 2).
Package microtype Info: Using default protrusion set `alltext'.
Package microtype Info: Automatic font expansion enabled (level 2),
(microtype)             stretch: 20, shrink: 20, step: 1, non-selected.
Package microtype Info: Using default expansion set `basictext'.
Package microtype Info: No adjustment of tracking.
Package microtype Info: No adjustment of interword spacing.
Package microtype Info: No adjustment of character kerning.
Package microtype Info: Loading generic protrusion settings for font family
(microtype)             `lmss' (encoding: OT1).
(microtype)             For optimal results, create family-specific settings.
(microtype)             See the microtype manual for details.
 ABD: EveryShipout initializing macros
LaTeX Font Info:    Try loading font information for OT1+qag on input line 59.

("C:\Users\fds\AppData\Local\Programs\MiKTeX 2.9\tex\latex\tex-gyre\ot1qag.fd"
File: ot1qag.fd 2009/09/25 v1.2 font definition file for OT1/qag
)
Package microtype Info: Loading generic protrusion settings for font family
(microtype)             `qag' (encoding: OT1).
(microtype)             For optimal results, create family-specific settings.
(microtype)             See the microtype manual for details.
LaTeX Font Info:    Calculating math sizes for size <35> on input line 60.
LaTeX Font Info:    Try loading font information for OT1+lmr on input line 60.
("C:\Users\fds\AppData\Local\Programs\MiKTeX 2.9\tex\latex\lm\ot1lmr.fd"
File: ot1lmr.fd 2009/10/30 v1.6 Font defs for Latin Modern
)
("C:\Users\fds\AppData\Local\Programs\MiKTeX 2.9\tex\latex\microtype\mt-cmr.cfg
"
File: mt-cmr.cfg 2013/05/19 v2.2 microtype config. file: Computer Modern Roman 
(RS)
)
LaTeX Font Info:    Try loading font information for OML+lmm on input line 60.
 ("C:\Users\fds\AppData\Local\Programs\MiKTeX 2.9\tex\latex\lm\omllmm.fd"
File: omllmm.fd 2009/10/30 v1.6 Font defs for Latin Modern
)
LaTeX Font Info:    Try loading font information for OMS+lmsy on input line 60.


("C:\Users\fds\AppData\Local\Programs\MiKTeX 2.9\tex\latex\lm\omslmsy.fd"
File: omslmsy.fd 2009/10/30 v1.6 Font defs for Latin Modern
)
LaTeX Font Info:    Try loading font information for OMX+lmex on input line 60.


("C:\Users\fds\AppData\Local\Programs\MiKTeX 2.9\tex\latex\lm\omxlmex.fd"
File: omxlmex.fd 2009/10/30 v1.6 Font defs for Latin Modern
)
LaTeX Font Info:    External font `lmex10' loaded for size
(Font)              <35> on input line 60.
LaTeX Font Info:    External font `lmex10' loaded for size
(Font)              <24.4999> on input line 60.
LaTeX Font Info:    External font `lmex10' loaded for size
(Font)              <17.5> on input line 60.
LaTeX Font Info:    Try loading font information for U+msa on input line 60.

("C:\Users\fds\AppData\Local\Programs\MiKTeX 2.9\tex\latex\amsfonts\umsa.fd"
File: umsa.fd 2013/01/14 v3.01 AMS symbols A
)
("C:\Users\fds\AppData\Local\Programs\MiKTeX 2.9\tex\latex\microtype\mt-msa.cfg
"
File: mt-msa.cfg 2006/02/04 v1.1 microtype config. file: AMS symbols (a) (RS)
)
LaTeX Font Info:    Try loading font information for U+msb on input line 60.
 ("C:\Users\fds\AppData\Local\Programs\MiKTeX 2.9\tex\latex\amsfonts\umsb.fd"
File: umsb.fd 2013/01/14 v3.01 AMS symbols B
)
("C:\Users\fds\AppData\Local\Programs\MiKTeX 2.9\tex\latex\microtype\mt-msb.cfg
"
File: mt-msb.cfg 2005/06/01 v1.0 microtype config. file: AMS symbols (b) (RS)
)
LaTeX Font Info:    Font shape `OT1/lmss/b/n' in size <16> not available
(Font)              Font shape `OT1/lmss/bx/n' tried instead on input line 64.
 [1

{C:/Users/fds/AppData/Local/MiKTeX/2.9/pdftex/config/pdftex.map}]
LaTeX Font Info:    Font shape `OT1/lmss/b/n' in size <24.88> not available
(Font)              Font shape `OT1/lmss/bx/n' tried instead on input line 80.

(Workbook_IntroductionToPython.toc
Missing character: There is no ; in font nullfont!
Missing character: There is no ; in font nullfont!
Missing character: There is no ; in font nullfont!
Missing character: There is no ; in font nullfont!
Missing character: There is no ; in font nullfont!
Missing character: There is no ; in font nullfont!
Missing character: There is no ; in font nullfont!
 [2

]
Missing character: There is no ; in font nullfont!
Missing character: There is no ; in font nullfont!
Missing character: There is no ; in font nullfont!
Missing character: There is no ; in font nullfont!
)
\tf@toc=\write6
\openout6 = `Workbook_IntroductionToPython.toc'.

 [3]
Chapter 1.
LaTeX Font Info:    Try loading font information for OT1+lmtt on input line 98.

("C:\Users\fds\AppData\Local\Programs\MiKTeX 2.9\tex\latex\lm\ot1lmtt.fd"
File: ot1lmtt.fd 2009/10/30 v1.6 Font defs for Latin Modern
)
Package microtype Info: Loading generic protrusion settings for font family
(microtype)             `lmtt' (encoding: OT1).
(microtype)             For optimal results, create family-specific settings.
(microtype)             See the microtype manual for details.
LaTeX Font Info:    External font `lmex10' loaded for size
(Font)              <12> on input line 98.
LaTeX Font Info:    External font `lmex10' loaded for size
(Font)              <8> on input line 98.
LaTeX Font Info:    External font `lmex10' loaded for size
(Font)              <6> on input line 98.
LaTeX Font Info:    Font shape `OT1/lmss/m/it' in size <12> not available
(Font)              Font shape `OT1/lmss/m/sl' tried instead on input line 103.

LaTeX Font Info:    Font shape `OT1/lmss/b/n' in size <12> not available
(Font)              Font shape `OT1/lmss/bx/n' tried instead on input line 107.

LaTeX Font Info:    Try loading font information for OMS+lmss on input line 111
.
LaTeX Font Info:    No file OMSlmss.fd. on input line 111.


LaTeX Font Warning: Font shape `OMS/lmss/m/n' undefined
(Font)              using `OMS/cmsy/m/n' instead
(Font)              for symbol `textbullet' on input line 111.

pdfTeX warning (ext4): destination with the same identifier (name{page.1}) has 
been already used, duplicate ignored
<to be read again> 
                   \relax 
l.119     \item \textbf
                       {HARD}: These exercises will ask you to apply what yo...
[1


] (Unit-02_OutputAndInput/Script_Unit-02_OutputAndInput.texpdfTeX warning (ext4
): destination with the same identifier (name{page.2}) has been already used, d
uplicate ignored
<to be read again> 
                   \relax 
l.1 \chapter
            {Output and Input}\label{CHAP_OutAndIn} [2]
Chapter 2.
LaTeX Font Info:    Font shape `OT1/lmss/b/n' in size <17.28> not available
(Font)              Font shape `OT1/lmss/bx/n' tried instead on input line 3.
Package microtype Info: Loading generic protrusion settings for font family
(microtype)             `cmtt' (encoding: OT1).
(microtype)             For optimal results, create family-specific settings.
(microtype)             See the microtype manual for details.
pdfTeX warning (ext4): destination with the same identifier (name{page.3}) has 
been already used, duplicate ignored
<to be read again> 
                   \relax 
l.41 
      [3

] [4] [5]
LaTeX Font Info:    Try loading font information for OMS+cmtt on input line 169
.
LaTeX Font Info:    No file OMScmtt.fd. on input line 169.


LaTeX Font Warning: Font shape `OMS/cmtt/m/it' undefined
(Font)              using `OMS/cmsy/m/n' instead
(Font)              for symbol `textbackslash' on input line 169.

[6] [7] [8]) (Unit-03_StringOperators/Script_Unit-03_StringOperators.tex
[9]
Chapter 3.
<Unit-03_StringOperators/../IMG/3E03.png, id=330, 1442.38875pt x 698.61pt>
File: Unit-03_StringOperators/../IMG/3E03.png Graphic file (type png)
<use Unit-03_StringOperators/../IMG/3E03.png>
Package pdftex.def Info: Unit-03_StringOperators/../IMG/3E03.png  used on input
 line 43.
(pdftex.def)             Requested size: 455.24411pt x 220.4897pt.
[10

] [11 <./Unit-03_StringOperators/../IMG/3E03.png>] [12] [13] [14]
<Unit-03_StringOperators/../IMG/3M04.png, id=378, 1373.13pt x 234.8775pt>
File: Unit-03_StringOperators/../IMG/3M04.png Graphic file (type png)
<use Unit-03_StringOperators/../IMG/3M04.png>
Package pdftex.def Info: Unit-03_StringOperators/../IMG/3M04.png  used on input
 line 203.
(pdftex.def)             Requested size: 455.24411pt x 77.8682pt.
<Unit-03_StringOperators/../IMG/3M06.png, id=379, 1391.1975pt x 183.68625pt>
File: Unit-03_StringOperators/../IMG/3M06.png Graphic file (type png)
<use Unit-03_StringOperators/../IMG/3M06.png>
Package pdftex.def Info: Unit-03_StringOperators/../IMG/3M06.png  used on input
 line 243.
(pdftex.def)             Requested size: 455.24411pt x 60.10652pt.
 [15 <./Unit-03_StringOperators/../IMG/3M04.png>] [16 <./Unit-03_StringOperator
s/../IMG/3M06.png>] [17]) (Unit-04_MathOperators/Script_Unit-04_MathOperators.t
ex [18]
Chapter 4.
[19

]
<Unit-04_MathOperators/../IMG/4E02.png, id=410, 1388.18625pt x 394.47375pt>
File: Unit-04_MathOperators/../IMG/4E02.png Graphic file (type png)
<use Unit-04_MathOperators/../IMG/4E02.png>
Package pdftex.def Info: Unit-04_MathOperators/../IMG/4E02.png  used on input l
ine 28.
(pdftex.def)             Requested size: 455.24411pt x 129.36414pt.
<Unit-04_MathOperators/../IMG/4E03.png, id=411, 1388.18625pt x 379.4175pt>
File: Unit-04_MathOperators/../IMG/4E03.png Graphic file (type png)
<use Unit-04_MathOperators/../IMG/4E03.png>
Package pdftex.def Info: Unit-04_MathOperators/../IMG/4E03.png  used on input l
ine 57.
(pdftex.def)             Requested size: 455.24411pt x 124.42657pt.
 [20 <./Unit-04_MathOperators/../IMG/4E02.png> <./Unit-04_MathOperators/../IMG/
4E03.png>] [21]
<Unit-04_MathOperators/../IMG/4M03_1.png, id=443, 264.99pt x 264.99pt>
File: Unit-04_MathOperators/../IMG/4M03_1.png Graphic file (type png)
<use Unit-04_MathOperators/../IMG/4M03_1.png>
Package pdftex.def Info: Unit-04_MathOperators/../IMG/4M03_1.png  used on input
 line 163.
(pdftex.def)             Requested size: 136.57462pt x 136.57448pt.
 [22]
File: Unit-04_MathOperators/../IMG/4M03_1.png Graphic file (type png)
<use Unit-04_MathOperators/../IMG/4M03_1.png>
Package pdftex.def Info: Unit-04_MathOperators/../IMG/4M03_1.png  used on input
 line 171.
(pdftex.def)             Requested size: 136.57462pt x 136.57448pt.
 [23 <./Unit-04_MathOperators/../IMG/4M03_1.png>]
[24]
<Unit-04_MathOperators/../IMG/4H01.png, id=481, 1379.1525pt x 328.22626pt>
File: Unit-04_MathOperators/../IMG/4H01.png Graphic file (type png)
<use Unit-04_MathOperators/../IMG/4H01.png>
Package pdftex.def Info: Unit-04_MathOperators/../IMG/4H01.png  used on input l
ine 296.
(pdftex.def)             Requested size: 455.24411pt x 108.34505pt.
 [25]
<Unit-04_MathOperators/../IMG/4H02.png, id=495, 876.27374pt x 596.2275pt>
File: Unit-04_MathOperators/../IMG/4H02.png Graphic file (type png)
<use Unit-04_MathOperators/../IMG/4H02.png>
Package pdftex.def Info: Unit-04_MathOperators/../IMG/4H02.png  used on input l
ine 318.
(pdftex.def)             Requested size: 227.62206pt x 154.86992pt.
 [26 <./Unit-04_MathOperators/../IMG/4H01.png> <./Unit-04_MathOperators/../IMG/
4H02.png>]
<Unit-04_MathOperators/../IMG/4H03.png, id=500, 1427.3325pt x 813.0375pt>
File: Unit-04_MathOperators/../IMG/4H03.png Graphic file (type png)
<use Unit-04_MathOperators/../IMG/4H03.png>
Package pdftex.def Info: Unit-04_MathOperators/../IMG/4H03.png  used on input l
ine 347.
(pdftex.def)             Requested size: 409.71692pt x 233.3805pt.
)
(Unit-05_LogicalOperators/Script_Unit-05_LogicalOperators.tex [27 <./Unit-04_Ma
thOperators/../IMG/4H03.png>]
Chapter 5.
<Unit-05_LogicalOperators/../IMG/5E01.png, id=505, 1449.415pt x 714.67pt>
File: Unit-05_LogicalOperators/../IMG/5E01.png Graphic file (type png)
<use Unit-05_LogicalOperators/../IMG/5E01.png>
Package pdftex.def Info: Unit-05_LogicalOperators/../IMG/5E01.png  used on inpu
t line 10.
(pdftex.def)             Requested size: 455.24411pt x 224.46794pt.
[28

 <./Unit-05_LogicalOperators/../IMG/5E01.png>]
<Unit-05_LogicalOperators/../IMG/5E02.png, id=511, 1204.5pt x 301.125pt>
File: Unit-05_LogicalOperators/../IMG/5E02.png Graphic file (type png)
<use Unit-05_LogicalOperators/../IMG/5E02.png>
Package pdftex.def Info: Unit-05_LogicalOperators/../IMG/5E02.png  used on inpu
t line 25.
(pdftex.def)             Requested size: 455.24411pt x 113.81297pt.
 [29 <./Unit-05_LogicalOperators/../IMG/5E02.png>]
<Unit-05_LogicalOperators/../IMG/5M01.png, id=525, 1353.055pt x 574.145pt>
File: Unit-05_LogicalOperators/../IMG/5M01.png Graphic file (type png)
<use Unit-05_LogicalOperators/../IMG/5M01.png>
Package pdftex.def Info: Unit-05_LogicalOperators/../IMG/5M01.png  used on inpu
t line 64.
(pdftex.def)             Requested size: 455.24411pt x 193.17422pt.
<Unit-05_LogicalOperators/../IMG/5M02.png, id=526, 1401.235pt x 236.885pt>
File: Unit-05_LogicalOperators/../IMG/5M02.png Graphic file (type png)
<use Unit-05_LogicalOperators/../IMG/5M02.png>
Package pdftex.def Info: Unit-05_LogicalOperators/../IMG/5M02.png  used on inpu
t line 80.
(pdftex.def)             Requested size: 455.24411pt x 76.9614pt.
 [30 <./Unit-05_LogicalOperators/../IMG/5M01.png> <./Unit-05_LogicalOperators/.
./IMG/5M02.png>]
<Unit-05_LogicalOperators/../IMG/5M03.png, id=536, 1397.22pt x 301.125pt>
File: Unit-05_LogicalOperators/../IMG/5M03.png Graphic file (type png)
<use Unit-05_LogicalOperators/../IMG/5M03.png>
Package pdftex.def Info: Unit-05_LogicalOperators/../IMG/5M03.png  used on inpu
t line 104.
(pdftex.def)             Requested size: 455.24411pt x 98.11258pt.
<Unit-05_LogicalOperators/../IMG/5S01.png, id=537, 1397.22pt x 256.96pt>
File: Unit-05_LogicalOperators/../IMG/5S01.png Graphic file (type png)
<use Unit-05_LogicalOperators/../IMG/5S01.png>
Package pdftex.def Info: Unit-05_LogicalOperators/../IMG/5S01.png  used on inpu
t line 130.
(pdftex.def)             Requested size: 455.24411pt x 83.72273pt.
 [31 <./Unit-05_LogicalOperators/../IMG/5M03.png>]
<Unit-05_LogicalOperators/../IMG/5S02.png, id=554, 1397.22pt x 264.99pt>
File: Unit-05_LogicalOperators/../IMG/5S02.png Graphic file (type png)
<use Unit-05_LogicalOperators/../IMG/5S02.png>
Package pdftex.def Info: Unit-05_LogicalOperators/../IMG/5S02.png  used on inpu
t line 149.
(pdftex.def)             Requested size: 455.24411pt x 86.33907pt.
 [32 <./Unit-05_LogicalOperators/../IMG/5S01.png> <./Unit-05_LogicalOperators/.
./IMG/5S02.png>]) (Unit-06_IFandLESE/Script_Unit-06_IFandELSE.tex
[33]
Chapter 6.
[34

] [35] [36] [37]
<Unit-06_IFandLESE/../IMG/6H02.png, id=589, 959.585pt x 867.24pt>
File: Unit-06_IFandLESE/../IMG/6H02.png Graphic file (type png)
<use Unit-06_IFandLESE/../IMG/6H02.png>
Package pdftex.def Info: Unit-06_IFandLESE/../IMG/6H02.png  used on input line 
188.
(pdftex.def)             Requested size: 318.66948pt x 288.003pt.
 [38 <./Unit-06_IFandLESE/../IMG/6H02.png>])
(Unit-07_Lists/Script_Unit-07_Lists.tex [39]
Chapter 7.
<Unit-07_Lists/../IMG/7E02.png, id=598, 1401.235pt x 132.495pt>
File: Unit-07_Lists/../IMG/7E02.png Graphic file (type png)
<use Unit-07_Lists/../IMG/7E02.png>
Package pdftex.def Info: Unit-07_Lists/../IMG/7E02.png  used on input line 22.
(pdftex.def)             Requested size: 455.24411pt x 43.0462pt.
[40

 <./Unit-07_Lists/../IMG/7E02.png>]
<Unit-07_Lists/../IMG/7E04_1.png, id=609, 1393.205pt x 152.57pt>
File: Unit-07_Lists/../IMG/7E04_1.png Graphic file (type png)
<use Unit-07_Lists/../IMG/7E04_1.png>
Package pdftex.def Info: Unit-07_Lists/../IMG/7E04_1.png  used on input line 58
.
(pdftex.def)             Requested size: 455.24411pt x 49.85237pt.
<Unit-07_Lists/../IMG/7E04_2.png, id=610, 1389.19pt x 208.78pt>
File: Unit-07_Lists/../IMG/7E04_2.png Graphic file (type png)
<use Unit-07_Lists/../IMG/7E04_2.png>
Package pdftex.def Info: Unit-07_Lists/../IMG/7E04_2.png  used on input line 63
.
(pdftex.def)             Requested size: 455.24411pt x 68.41655pt.
 [41 <./Unit-07_Lists/../IMG/7E04_1.png> <./Unit-07_Lists/../IMG/7E04_2.png>]
<Unit-07_Lists/../IMG/7E05.png, id=615, 1389.19pt x 200.75pt>
File: Unit-07_Lists/../IMG/7E05.png Graphic file (type png)
<use Unit-07_Lists/../IMG/7E05.png>
Package pdftex.def Info: Unit-07_Lists/../IMG/7E05.png  used on input line 78.
(pdftex.def)             Requested size: 455.24411pt x 65.78516pt.
<Unit-07_Lists/../IMG/7E06.png, id=616, 1409.265pt x 317.185pt>
File: Unit-07_Lists/../IMG/7E06.png Graphic file (type png)
<use Unit-07_Lists/../IMG/7E06.png>
Package pdftex.def Info: Unit-07_Lists/../IMG/7E06.png  used on input line 100.

(pdftex.def)             Requested size: 455.24411pt x 102.45955pt.
 [42 <./Unit-07_Lists/../IMG/7E05.png> <./Unit-07_Lists/../IMG/7E06.png>]
<Unit-07_Lists/../IMG/7M01.png, id=625, 1389.19pt x 453.695pt>
File: Unit-07_Lists/../IMG/7M01.png Graphic file (type png)
<use Unit-07_Lists/../IMG/7M01.png>
Package pdftex.def Info: Unit-07_Lists/../IMG/7M01.png  used on input line 126.

(pdftex.def)             Requested size: 455.24411pt x 148.67447pt.
<Unit-07_Lists/../IMG/7M02.png, id=626, 1397.22pt x 289.08pt>
File: Unit-07_Lists/../IMG/7M02.png Graphic file (type png)
<use Unit-07_Lists/../IMG/7M02.png>
Package pdftex.def Info: Unit-07_Lists/../IMG/7M02.png  used on input line 146.

(pdftex.def)             Requested size: 455.24411pt x 94.18806pt.
 [43 <./Unit-07_Lists/../IMG/7M01.png> <./Unit-07_Lists/../IMG/7M02.png>]
<Unit-07_Lists/../IMG/7M03.png, id=631, 1409.265pt x 144.54pt>
File: Unit-07_Lists/../IMG/7M03.png Graphic file (type png)
<use Unit-07_Lists/../IMG/7M03.png>
Package pdftex.def Info: Unit-07_Lists/../IMG/7M03.png  used on input line 171.

(pdftex.def)             Requested size: 455.24411pt x 46.69041pt.
 [44 <./Unit-07_Lists/../IMG/7M03.png>]
<Unit-07_Lists/../IMG/7M05.png, id=641, 1401.235pt x 136.51pt>
File: Unit-07_Lists/../IMG/7M05.png Graphic file (type png)
<use Unit-07_Lists/../IMG/7M05.png>
Package pdftex.def Info: Unit-07_Lists/../IMG/7M05.png  used on input line 220.

(pdftex.def)             Requested size: 455.24411pt x 44.35063pt.
<Unit-07_Lists/../IMG/7M06.png, id=642, 1397.22pt x 152.57pt>
File: Unit-07_Lists/../IMG/7M06.png Graphic file (type png)
<use Unit-07_Lists/../IMG/7M06.png>
Package pdftex.def Info: Unit-07_Lists/../IMG/7M06.png  used on input line 244.

(pdftex.def)             Requested size: 455.24411pt x 49.71037pt.
 [45 <./Unit-07_Lists/../IMG/7M05.png> <./Unit-07_Lists/../IMG/7M06.png>]
<Unit-07_Lists/../IMG/7S02.png, id=649, 1405.25pt x 517.935pt>
File: Unit-07_Lists/../IMG/7S02.png Graphic file (type png)
<use Unit-07_Lists/../IMG/7S02.png>
Package pdftex.def Info: Unit-07_Lists/../IMG/7S02.png  used on input line 274.

(pdftex.def)             Requested size: 455.24411pt x 167.78946pt.
 [46 <./Unit-07_Lists/../IMG/7S02.png>]
<Unit-07_Lists/../IMG/7H01.png, id=655, 1401.235pt x 136.51pt>
File: Unit-07_Lists/../IMG/7H01.png Graphic file (type png)
<use Unit-07_Lists/../IMG/7H01.png>
Package pdftex.def Info: Unit-07_Lists/../IMG/7H01.png  used on input line 292.

(pdftex.def)             Requested size: 455.24411pt x 44.35063pt.
) (Unit-08_Loops/Script_Unit-8_Loops.tex [47 <./Unit-07_Lists/../IMG/7H01.png>]

Chapter 8.
<Unit-08_Loops/../IMG/8E02.png, id=671, 1421.31pt x 156.585pt>
File: Unit-08_Loops/../IMG/8E02.png Graphic file (type png)
<use Unit-08_Loops/../IMG/8E02.png>
Package pdftex.def Info: Unit-08_Loops/../IMG/8E02.png  used on input line 18.
(pdftex.def)             Requested size: 455.24411pt x 50.15361pt.
[48

 <./Unit-08_Loops/../IMG/8E02.png>]
<Unit-08_Loops/../IMG/8E06.png, id=676, 1397.22pt x 168.63pt>
File: Unit-08_Loops/../IMG/8E06.png Graphic file (type png)
<use Unit-08_Loops/../IMG/8E06.png>
Package pdftex.def Info: Unit-08_Loops/../IMG/8E06.png  used on input line 64.
(pdftex.def)             Requested size: 455.24411pt x 54.94304pt.
 [49 <./Unit-08_Loops/../IMG/8E06.png>]
[50] [51] [52] [53] [54]
<Unit-08_Loops/../IMG/8H02_1.png, id=721, 505.89pt x 819.06pt>
File: Unit-08_Loops/../IMG/8H02_1.png Graphic file (type png)
<use Unit-08_Loops/../IMG/8H02_1.png>
Package pdftex.def Info: Unit-08_Loops/../IMG/8H02_1.png  used on input line 35
5.
(pdftex.def)             Requested size: 182.09486pt x 294.82388pt.
 [55]
<Unit-08_Loops/../IMG/8H02_2.png, id=733, 1630.09pt x 277.035pt>
File: Unit-08_Loops/../IMG/8H02_2.png Graphic file (type png)
<use Unit-08_Loops/../IMG/8H02_2.png>
Package pdftex.def Info: Unit-08_Loops/../IMG/8H02_2.png  used on input line 37
0.
(pdftex.def)             Requested size: 455.24411pt x 77.36636pt.
 [56 <./Unit-08_Loops/../IMG/8H02_1.png> <./Unit-08_Loops/../IMG/8H02_2.png>])
(Unit-09_FileOperations/Script_Unit-9_FileOperations.tex [57]
Chapter 9.
[58

] [59]

LaTeX Font Warning: Font shape `OMS/cmtt/m/n' undefined
(Font)              using `OMS/cmsy/m/n' instead
(Font)              for symbol `textbackslash' on input line 124.

[60] [61]
<Unit-09_FileOperations/../IMG/9S01.png, id=770, 1429.34pt x 582.175pt>
File: Unit-09_FileOperations/../IMG/9S01.png Graphic file (type png)
<use Unit-09_FileOperations/../IMG/9S01.png>
Package pdftex.def Info: Unit-09_FileOperations/../IMG/9S01.png  used on input 
line 207.
(pdftex.def)             Requested size: 455.24411pt x 185.42036pt.
 [62]

LaTeX Font Warning: Font shape `OMS/lmss/m/it' undefined
(Font)              using `OMS/lmss/m/n' instead
(Font)              for symbol `textbackslash' on input line 211.

[63 <./Unit-09_FileOperations/../IMG/9S01.png>]
LaTeX Font Info:    Font shape `OT1/lmss/b/it' in size <12> not available
(Font)              Font shape `OT1/lmss/bx/it' tried instead on input line 264
.
LaTeX Font Info:    Font shape `OT1/lmss/bx/it' in size <12> not available
(Font)              Font shape `OT1/lmss/bx/sl' tried instead on input line 264
.
)
(Unit-10_Functions/Script_Unit-10_Functions.tex [64]
Chapter 10.
[65

]) (Unit-11_Classes/Script_Unit-11_Classes.tex [66]
Chapter 11.
[67

]) [68]
runsystem(makeindex -s LatexIndexStyle.ist Workbook_IntroductionToPython.idx)..
.executed (allowed).


No file Workbook_IntroductionToPython.ind.
Package atveryend Info: Empty hook `BeforeClearDocument' on input line 167.
Package atveryend Info: Empty hook `AfterLastShipout' on input line 167.
(Workbook_IntroductionToPython.aux)
Package atveryend Info: Executing hook `AtVeryEndDocument' on input line 167.
Package atveryend Info: Executing hook `AtEndAfterFileList' on input line 167.
Package rerunfilecheck Info: File `Workbook_IntroductionToPython.out' has not c
hanged.
(rerunfilecheck)             Checksum: D7D9A4F6AAA56A678AB245DCA6E20871;2249.


LaTeX Font Warning: Some font shapes were not available, defaults substituted.

 ) 
Here is how much of TeX's memory you used:
 32294 strings out of 492946
 602814 string characters out of 3127153
 846728 words of memory out of 3000000
 35147 multiletter control sequences out of 15000+200000
 628365 words of font info for 165 fonts, out of 3000000 for 9000
 1141 hyphenation exceptions out of 8191
 62i,12n,65p,851b,488s stack positions out of 5000i,500n,10000p,200000b,50000s
{C:/Users/fds/AppData/Local/Programs/MiKTeX 2.9/fonts/enc/dvips/lm/lm-rm.enc}
{C:/Users/fds/AppData/Local/Programs/MiKTeX 2.9/fonts/enc/dvips/lm/lm-mathit.en
c}{C:/Users/fds/AppData/Local/Programs/MiKTeX 2.9/fonts/enc/dvips/lm/lm-mathex.
enc}{C:/Users/fds/AppData/Local/Programs/MiKTeX 2.9/fonts/enc/dvips/lm/lm-rmtt.
enc}{C:/Users/fds/AppData/Local/Programs/MiKTeX 2.9/fonts/enc/dvips/lm/lm-maths
y.enc}{C:/Users/fds/AppData/Local/Programs/MiKTeX 2.9/fonts/enc/dvips/tex-gyre/
q-rm.enc}<C:/Users/fds/AppData/Local/Programs/MiKTeX 2.9/fonts/type1/public/ams
fonts/cm/cmitt10.pfb><C:/Users/fds/AppData/Local/Programs/MiKTeX 2.9/fonts/type
1/public/amsfonts/cm/cmsy10.pfb><C:/Users/fds/AppData/Local/Programs/MiKTeX 2.9
/fonts/type1/public/amsfonts/cm/cmtt12.pfb><C:/Users/fds/AppData/Local/Programs
/MiKTeX 2.9/fonts/type1/public/lm/lmex10.pfb><C:/Users/fds/AppData/Local/Progra
ms/MiKTeX 2.9/fonts/type1/public/lm/lmmi12.pfb><C:/Users/fds/AppData/Local/Prog
rams/MiKTeX 2.9/fonts/type1/public/lm/lmmi6.pfb><C:/Users/fds/AppData/Local/Pro
grams/MiKTeX 2.9/fonts/type1/public/lm/lmmi8.pfb><C:/Users/fds/AppData/Local/Pr
ograms/MiKTeX 2.9/fonts/type1/public/lm/lmr12.pfb><C:/Users/fds/AppData/Local/P
rograms/MiKTeX 2.9/fonts/type1/public/lm/lmr6.pfb><C:/Users/fds/AppData/Local/P
rograms/MiKTeX 2.9/fonts/type1/public/lm/lmr8.pfb><C:/Users/fds/AppData/Local/P
rograms/MiKTeX 2.9/fonts/type1/public/lm/lmss10.pfb><C:/Users/fds/AppData/Local
/Programs/MiKTeX 2.9/fonts/type1/public/lm/lmss12.pfb><C:/Users/fds/AppData/Loc
al/Programs/MiKTeX 2.9/fonts/type1/public/lm/lmss17.pfb><C:/Users/fds/AppData/L
ocal/Programs/MiKTeX 2.9/fonts/type1/public/lm/lmssbo10.pfb><C:/Users/fds/AppDa
ta/Local/Programs/MiKTeX 2.9/fonts/type1/public/lm/lmssbx10.pfb><C:/Users/fds/A
ppData/Local/Programs/MiKTeX 2.9/fonts/type1/public/lm/lmsso12.pfb><C:/Users/fd
s/AppData/Local/Programs/MiKTeX 2.9/fonts/type1/public/lm/lmsy10.pfb><C:/Users/
fds/AppData/Local/Programs/MiKTeX 2.9/fonts/type1/public/lm/lmsy8.pfb><C:/Users
/fds/AppData/Local/Programs/MiKTeX 2.9/fonts/type1/public/lm/lmtt12.pfb><C:/Use
rs/fds/AppData/Local/Programs/MiKTeX 2.9/fonts/type1/public/lm/lmtti10.pfb><C:/
Users/fds/AppData/Local/Programs/MiKTeX 2.9/fonts/type1/public/tex-gyre/qagb.pf
b><C:/Users/fds/AppData/Local/Programs/MiKTeX 2.9/fonts/type1/public/tex-gyre/q
agr.pfb>
Output written on Workbook_IntroductionToPython.pdf (71 pages, 6428074 bytes).
PDF statistics:
 960 PDF objects out of 1000 (max. 8388607)
 309 named destinations out of 1000 (max. 500000)
 22495 words of extra memory for PDF output out of 24883 (max. 10000000)

