\BOOKMARK [0][-]{chapter.1}{Preface}{}% 1
\BOOKMARK [0][-]{chapter.2}{Output and Input}{}% 2
\BOOKMARK [1][-]{section.2.1}{Difficulty: EASY}{chapter.2}% 3
\BOOKMARK [1][-]{section.2.2}{Difficulty: MEDIUM}{chapter.2}% 4
\BOOKMARK [1][-]{section.2.3}{Difficulty: HARD}{chapter.2}% 5
\BOOKMARK [0][-]{chapter.3}{String Operators}{}% 6
\BOOKMARK [1][-]{section.3.1}{Difficulty: EASY}{chapter.3}% 7
\BOOKMARK [1][-]{section.3.2}{Difficulty: MEDIUM}{chapter.3}% 8
\BOOKMARK [1][-]{section.3.3}{Difficulty: HARD}{chapter.3}% 9
\BOOKMARK [0][-]{chapter.4}{Math Operators and Libraries}{}% 10
\BOOKMARK [1][-]{section.4.1}{Difficulty: EASY}{chapter.4}% 11
\BOOKMARK [1][-]{section.4.2}{Difficulty: MEDIUM}{chapter.4}% 12
\BOOKMARK [1][-]{section.4.3}{Difficulty: HARD}{chapter.4}% 13
\BOOKMARK [0][-]{chapter.5}{Logical Operators}{}% 14
\BOOKMARK [1][-]{section.5.1}{Difficulty: EASY}{chapter.5}% 15
\BOOKMARK [1][-]{section.5.2}{Difficulty: MEDIUM}{chapter.5}% 16
\BOOKMARK [1][-]{section.5.3}{Difficulty: HARD}{chapter.5}% 17
\BOOKMARK [0][-]{chapter.6}{IF and ELSE Statements}{}% 18
\BOOKMARK [1][-]{section.6.1}{Difficulty: EASY}{chapter.6}% 19
\BOOKMARK [1][-]{section.6.2}{Difficulty: MEDIUM}{chapter.6}% 20
\BOOKMARK [1][-]{section.6.3}{Difficulty: HARD}{chapter.6}% 21
\BOOKMARK [0][-]{chapter.7}{Lists}{}% 22
\BOOKMARK [1][-]{section.7.1}{Difficulty: EASY}{chapter.7}% 23
\BOOKMARK [1][-]{section.7.2}{Difficulty: MEDIUM}{chapter.7}% 24
\BOOKMARK [1][-]{section.7.3}{Difficulty: HARD}{chapter.7}% 25
\BOOKMARK [0][-]{chapter.8}{Loops}{}% 26
\BOOKMARK [1][-]{section.8.1}{Difficulty: EASY}{chapter.8}% 27
\BOOKMARK [1][-]{section.8.2}{Difficulty: MEDIUM}{chapter.8}% 28
\BOOKMARK [1][-]{section.8.3}{Difficulty: HARD}{chapter.8}% 29
\BOOKMARK [0][-]{chapter.9}{File Operations}{}% 30
\BOOKMARK [1][-]{section.9.1}{Difficulty: EASY}{chapter.9}% 31
\BOOKMARK [1][-]{section.9.2}{Difficulty: MEDIUM}{chapter.9}% 32
\BOOKMARK [1][-]{section.9.3}{Difficulty: HARD}{chapter.9}% 33
\BOOKMARK [0][-]{chapter.10}{Bonus: Functions}{}% 34
\BOOKMARK [1][-]{section.10.1}{Difficulty: MEDIUM}{chapter.10}% 35
\BOOKMARK [0][-]{chapter.11}{Bonus: Classes}{}% 36
\BOOKMARK [1][-]{section.11.1}{Difficulty: MEDIUM}{chapter.11}% 37
